<html>
<head>
<title>TestNG:  Jupiter Toy Application Test</title>
<link href="../testng.css" rel="stylesheet" type="text/css" />
<link href="../my-testng.css" rel="stylesheet" type="text/css" />

<style type="text/css">
.log { display: none;} 
.stack-trace { display: none;} 
</style>
<script type="text/javascript">
<!--
function flip(e) {
  current = e.style.display;
  if (current == 'block') {
    e.style.display = 'none';
    return 0;
  }
  else {
    e.style.display = 'block';
    return 1;
  }
}

function toggleBox(szDivId, elem, msg1, msg2)
{
  var res = -1;  if (document.getElementById) {
    res = flip(document.getElementById(szDivId));
  }
  else if (document.all) {
    // this is the way old msie versions work
    res = flip(document.all[szDivId]);
  }
  if(elem) {
    if(res == 0) elem.innerHTML = msg1; else elem.innerHTML = msg2;
  }

}

function toggleAllBoxes() {
  if (document.getElementsByTagName) {
    d = document.getElementsByTagName('div');
    for (i = 0; i < d.length; i++) {
      if (d[i].className == 'log') {
        flip(d[i]);
      }
    }
  }
}

// -->
</script>

</head>
<body>
<h2 align='center'>Jupiter Toy Application Test</h2><table border='1' align="center">
<tr>
<td>Tests passed/Failed/Skipped:</td><td>7/1/0</td>
</tr><tr>
<td>Started on:</td><td>Sat Jun 19 15:57:15 AEST 2021</td>
</tr>
<tr><td>Total time:</td><td>33 seconds (33136 ms)</td>
</tr><tr>
<td>Included groups:</td><td></td>
</tr><tr>
<td>Excluded groups:</td><td></td>
</tr>
</table><p/>
<small><i>(Hover the method name to see the test class name)</i></small><p/>
<table width='100%' border='1' class='invocation-failed'>
<tr><td colspan='4' align='center'><b>FAILED TESTS</b></td></tr>
<tr><td><b>Test method</b></td>
<td width="30%"><b>Exception</b></td>
<td width="10%"><b>Time (seconds)</b></td>
<td><b>Instance</b></td>
</tr>
<tr>
<td title='testPackages.TestCase1.Test1()'><b>Test1</b><br>Test class: testPackages.TestCase1<br>Parameters: http://jupiter.cloud.planittesting.com</td>
<td><div><pre>java.lang.AssertionError: expected [true] but found [false]
	at testPackages.TestCase1.Test1(TestCase1.java:33)
	at java.base/java.util.concurrent.ThreadPoolExecutor.runWorker(ThreadPoolExecutor.java:1130)
	at java.base/java.util.concurrent.ThreadPoolExecutor$Worker.run(ThreadPoolExecutor.java:630)
	at java.base/java.lang.Thread.run(Thread.java:831)
... Removed 16 stack frames</pre></div><a href='#' onClick='toggleBox("stack-trace622582002", this, "Click to show all stack frames", "Click to hide stack frames")'>Click to show all stack frames</a>
<div class='stack-trace' id='stack-trace622582002'><pre>java.lang.AssertionError: expected [true] but found [false]
	at org.testng.Assert.fail(Assert.java:99)
	at org.testng.Assert.failNotEquals(Assert.java:1037)
	at org.testng.Assert.assertTrue(Assert.java:45)
	at org.testng.Assert.assertTrue(Assert.java:55)
	at testPackages.TestCase1.Test1(TestCase1.java:33)
	at java.base/jdk.internal.reflect.NativeMethodAccessorImpl.invoke0(Native Method)
	at java.base/jdk.internal.reflect.NativeMethodAccessorImpl.invoke(NativeMethodAccessorImpl.java:78)
	at java.base/jdk.internal.reflect.DelegatingMethodAccessorImpl.invoke(DelegatingMethodAccessorImpl.java:43)
	at java.base/java.lang.reflect.Method.invoke(Method.java:567)
	at org.testng.internal.MethodInvocationHelper.invokeMethod(MethodInvocationHelper.java:133)
	at org.testng.internal.TestInvoker.invokeMethod(TestInvoker.java:598)
	at org.testng.internal.TestInvoker.invokeTestMethod(TestInvoker.java:173)
	at org.testng.internal.MethodRunner.runInSequence(MethodRunner.java:46)
	at org.testng.internal.TestInvoker$MethodInvocationAgent.invoke(TestInvoker.java:824)
	at org.testng.internal.TestInvoker.invokeTestMethods(TestInvoker.java:146)
	at org.testng.internal.TestMethodWorker.invokeTestMethods(TestMethodWorker.java:146)
	at org.testng.internal.TestMethodWorker.run(TestMethodWorker.java:128)
	at java.base/java.util.concurrent.ThreadPoolExecutor.runWorker(ThreadPoolExecutor.java:1130)
	at java.base/java.util.concurrent.ThreadPoolExecutor$Worker.run(ThreadPoolExecutor.java:630)
	at java.base/java.lang.Thread.run(Thread.java:831)
</pre></div></td>
<td>12</td>
<td>testPackages.TestCase1@2d7275fc</td></tr>
</table><p>
<table width='100%' border='1' class='invocation-passed'>
<tr><td colspan='4' align='center'><b>PASSED TESTS</b></td></tr>
<tr><td><b>Test method</b></td>
<td width="30%"><b>Exception</b></td>
<td width="10%"><b>Time (seconds)</b></td>
<td><b>Instance</b></td>
</tr>
<tr>
<td title='testPackages.TestCase2.Test2()'><b>Test2</b><br>Test class: testPackages.TestCase2<br>Parameters: http://jupiter.cloud.planittesting.com</td>
<td></td>
<td>4</td>
<td>testPackages.TestCase2@5fe94a96</td></tr>
<tr>
<td title='testPackages.TestCase2.Test2()'><b>Test2</b><br>Test class: testPackages.TestCase2<br>Parameters: http://jupiter.cloud.planittesting.com</td>
<td></td>
<td>4</td>
<td>testPackages.TestCase2@5fe94a96</td></tr>
<tr>
<td title='testPackages.TestCase4.Test4()'><b>Test4</b><br>Test class: testPackages.TestCase4<br>Parameters: http://jupiter.cloud.planittesting.com</td>
<td></td>
<td>9</td>
<td>testPackages.TestCase4@2d3379b4</td></tr>
<tr>
<td title='testPackages.TestCase2.Test2()'><b>Test2</b><br>Test class: testPackages.TestCase2<br>Parameters: http://jupiter.cloud.planittesting.com</td>
<td></td>
<td>13</td>
<td>testPackages.TestCase2@5fe94a96</td></tr>
<tr>
<td title='testPackages.TestCase2.Test2()'><b>Test2</b><br>Test class: testPackages.TestCase2<br>Parameters: http://jupiter.cloud.planittesting.com</td>
<td></td>
<td>4</td>
<td>testPackages.TestCase2@5fe94a96</td></tr>
<tr>
<td title='testPackages.TestCase3.Test3()'><b>Test3</b><br>Test class: testPackages.TestCase3<br>Parameters: http://jupiter.cloud.planittesting.com</td>
<td></td>
<td>9</td>
<td>testPackages.TestCase3@618b19ad</td></tr>
<tr>
<td title='testPackages.TestCase2.Test2()'><b>Test2</b><br>Test class: testPackages.TestCase2<br>Parameters: http://jupiter.cloud.planittesting.com</td>
<td></td>
<td>4</td>
<td>testPackages.TestCase2@5fe94a96</td></tr>
</table><p>
</body>
</html>