<?xml version="1.0" encoding="UTF-8"?>
<!-- Generated by org.testng.reporters.JUnitXMLReporter -->
<testsuite ignored="0" hostname="Nehas-MacBook-Air.local" failures="1" tests="8" name="Jupiter Toy Application Test" time="33.136" errors="0" timestamp="2021-06-19T15:57:48 AEST">
  <testcase classname="testPackages.TestCase4" name="Test4" time="9.884"/>
  <testcase classname="testPackages.TestCase3" name="Test3" time="9.938"/>
  <testcase classname="testPackages.TestCase1" name="Test1" time="12.035">
    <failure type="java.lang.AssertionError" message="expected [true] but found [false]">
      <![CDATA[java.lang.AssertionError: expected [true] but found [false]
at testPackages.TestCase1.Test1(TestCase1.java:33)
at java.base/java.util.concurrent.ThreadPoolExecutor.runWorker(ThreadPoolExecutor.java:1130)
at java.base/java.util.concurrent.ThreadPoolExecutor$Worker.run(ThreadPoolExecutor.java:630)
at java.base/java.lang.Thread.run(Thread.java:831)
... Removed 16 stack frames]]>
    </failure>
  </testcase> <!-- Test1 -->
  <testcase classname="testPackages.TestCase2" name="Test2" time="13.618"/>
  <testcase classname="testPackages.TestCase2" name="Test2" time="4.944"/>
  <testcase classname="testPackages.TestCase2" name="Test2" time="4.979"/>
  <testcase classname="testPackages.TestCase2" name="Test2" time="4.849"/>
  <testcase classname="testPackages.TestCase2" name="Test2" time="4.711"/>
</testsuite> <!-- Jupiter Toy Application Test -->
